        -:    0:Source:../hw2-1-C2/triangle.cc
        -:    0:Graph:triangle.gcno
        -:    0:Data:triangle.gcda
        -:    0:Runs:1
        -:    0:Programs:1
        -:    1:
        -:    2:#include "triangle.h"
        -:    3:
        -:    4:
       13:    5:string Triangle(int a,int b,int c){
        -:    6:	
       13:    7:	string str1("Isosceles");
       26:    8:	string str2("Equilateral");
       26:    9:	string str3("Not a Triangle");
       26:   10:	string str4("Scalene");
        -:   11:	
       26:   12:	string err[3] = {"Side a is invalid.","Side b is invalid.","Side c is invalid."};
       26:   13:	string err_msg("");
        -:   14:
       13:   15:	int side[3] = {a,b,c};
       13:   16:	bool IsInvalid = false;
        -:   17:	
       52:   18:	for (int i=0 ; i<3 ; i++){
       39:   19:		if(side[i]<=0 || side[i]>200){
    #####:   20:			IsInvalid = true;
    #####:   21:			err_msg = err_msg + err[i];
        -:   22:		}
        -:   23:	}
       13:   24:	if (IsInvalid) return err_msg;
        -:   25:	
       13:   26:	if ((a < b+c) && (b < a+c) && (c < a+b)){
       10:   27:		if((a==b) && (b==c)){
        2:   28:			return str2;
        8:   29:		}else if((a!=b) && (a!=c) && (b!=c)) {
        2:   30:			return str4;
        -:   31:		}else {
        6:   32:			return str1;
        -:   33:		}
        -:   34:	}else {
        3:   35:		return str3;
       13:   36:	}
        -:   37:	
        -:   38:}
        -:   39:
        -:   40:
        -:   41:
